Started GET "/" for 127.0.0.1 at 2018-03-11 08:33:52 +0200
Processing by Rails::WelcomeController#index as HTML
  Rendering /var/lib/gems/2.3.0/gems/railties-5.1.5/lib/rails/templates/rails/welcome/index.html.erb
  Rendered /var/lib/gems/2.3.0/gems/railties-5.1.5/lib/rails/templates/rails/welcome/index.html.erb (40.8ms)
Completed 200 OK in 2357ms (Views: 77.9ms)


Started GET "/" for 127.0.0.1 at 2018-03-11 08:44:53 +0200
Processing by Rails::WelcomeController#index as HTML
  Rendering /var/lib/gems/2.3.0/gems/railties-5.1.5/lib/rails/templates/rails/welcome/index.html.erb
  Rendered /var/lib/gems/2.3.0/gems/railties-5.1.5/lib/rails/templates/rails/welcome/index.html.erb (16.4ms)
Completed 200 OK in 1869ms (Views: 44.0ms)


  [1m[35m (26.4ms)[0m  [1m[34mSELECT "schema_migrations"."version" FROM "schema_migrations" ORDER BY "schema_migrations"."version" ASC[0m
  [1m[35m (63.6ms)[0m  [1m[34mSELECT "ar_internal_metadata"."value" FROM "ar_internal_metadata" WHERE "ar_internal_metadata"."key" = $1[0m  [["key", "environment"]]
  [1m[35m (0.4ms)[0m  [1m[34mSELECT "schema_migrations"."version" FROM "schema_migrations" ORDER BY "schema_migrations"."version" ASC[0m
  [1m[35m (0.5ms)[0m  [1m[34mSELECT "ar_internal_metadata"."value" FROM "ar_internal_metadata" WHERE "ar_internal_metadata"."key" = $1[0m  [["key", "environment"]]
  [1m[35m (0.5ms)[0m  [1m[34mSELECT "schema_migrations"."version" FROM "schema_migrations" ORDER BY "schema_migrations"."version" ASC[0m
  [1m[35m (0.4ms)[0m  [1m[34mSELECT "ar_internal_metadata"."value" FROM "ar_internal_metadata" WHERE "ar_internal_metadata"."key" = $1[0m  [["key", "environment"]]
  [1m[35m (15.4ms)[0m  [1m[34mSELECT pg_try_advisory_lock(7906469524714892670)[0m
  [1m[35m (1.3ms)[0m  [1m[34mSELECT "schema_migrations"."version" FROM "schema_migrations" ORDER BY "schema_migrations"."version" ASC[0m
Migrating to CreateBrands (20180311065054)
  [1m[35m (0.4ms)[0m  [1m[35mBEGIN[0m
  [1m[35m (1160.0ms)[0m  [1m[35mCREATE TABLE "brands" ("id" bigserial primary key, "brand" character varying, "created_at" timestamp NOT NULL, "updated_at" timestamp NOT NULL)[0m
  [1m[35m (0.8ms)[0m  [1m[31mROLLBACK[0m
  [1m[35m (0.9ms)[0m  [1m[34mSELECT pg_advisory_unlock(7906469524714892670)[0m
  [1m[35m (147.7ms)[0m  [1m[35mCREATE TABLE "schema_migrations" ("version" character varying NOT NULL PRIMARY KEY)[0m
  [1m[35m (88.5ms)[0m  [1m[35mCREATE TABLE "ar_internal_metadata" ("key" character varying NOT NULL PRIMARY KEY, "value" character varying, "created_at" timestamp NOT NULL, "updated_at" timestamp NOT NULL)[0m
  [1m[35m (0.6ms)[0m  [1m[34mSELECT pg_try_advisory_lock(4523761724947694355)[0m
  [1m[35m (1.2ms)[0m  [1m[34mSELECT "schema_migrations"."version" FROM "schema_migrations" ORDER BY "schema_migrations"."version" ASC[0m
Migrating to CreateBrands (20180311065054)
  [1m[35m (0.5ms)[0m  [1m[35mBEGIN[0m
  [1m[35m (83.5ms)[0m  [1m[35mCREATE TABLE "brands" ("id" bigserial primary key, "brand" character varying, "created_at" timestamp NOT NULL, "updated_at" timestamp NOT NULL)[0m
  [1m[35mSQL (1.0ms)[0m  [1m[32mINSERT INTO "schema_migrations" ("version") VALUES ($1) RETURNING "version"[0m  [["version", "20180311065054"]]
  [1m[35m (9.1ms)[0m  [1m[35mCOMMIT[0m
Migrating to CreateCarModels (20180311065240)
  [1m[35m (0.6ms)[0m  [1m[35mBEGIN[0m
  [1m[35m (81.7ms)[0m  [1m[35mCREATE TABLE "car_models" ("id" bigserial primary key, "id_brand" bigint, "model" character varying, "brand_id" bigint, "created_at" timestamp NOT NULL, "updated_at" timestamp NOT NULL)[0m
  [1m[35m (40.1ms)[0m  [1m[35mCREATE  INDEX  "index_car_models_on_brand_id" ON "car_models"  ("brand_id")[0m
  [1m[35mSQL (0.9ms)[0m  [1m[32mINSERT INTO "schema_migrations" ("version") VALUES ($1) RETURNING "version"[0m  [["version", "20180311065240"]]
  [1m[35m (10.4ms)[0m  [1m[35mCOMMIT[0m
Migrating to CreateBreakSubCategories (20180311065415)
  [1m[35m (0.6ms)[0m  [1m[35mBEGIN[0m
  [1m[35m (83.6ms)[0m  [1m[35mCREATE TABLE "break_sub_categories" ("id" bigserial primary key, "category_id" bigint, "name" character varying, "price" money, "created_at" timestamp NOT NULL, "updated_at" timestamp NOT NULL)[0m
  [1m[35m (39.6ms)[0m  [1m[35mCREATE  INDEX  "index_break_sub_categories_on_category_id" ON "break_sub_categories"  ("category_id")[0m
  [1m[35mSQL (0.9ms)[0m  [1m[32mINSERT INTO "schema_migrations" ("version") VALUES ($1) RETURNING "version"[0m  [["version", "20180311065415"]]
  [1m[35m (18.9ms)[0m  [1m[35mCOMMIT[0m
Migrating to CreateBreakCategories (20180311070136)
  [1m[35m (0.7ms)[0m  [1m[35mBEGIN[0m
  [1m[35m (95.7ms)[0m  [1m[35mCREATE TABLE "break_categories" ("id" bigserial primary key, "garage_id" bigint, "name" character varying, "created_at" timestamp NOT NULL, "updated_at" timestamp NOT NULL)[0m
  [1m[35m (41.7ms)[0m  [1m[35mCREATE  INDEX  "index_break_categories_on_garage_id" ON "break_categories"  ("garage_id")[0m
  [1m[35mSQL (1.0ms)[0m  [1m[32mINSERT INTO "schema_migrations" ("version") VALUES ($1) RETURNING "version"[0m  [["version", "20180311070136"]]
  [1m[35m (15.3ms)[0m  [1m[35mCOMMIT[0m
Migrating to CreateCommentGarages (20180311070251)
  [1m[35m (0.7ms)[0m  [1m[35mBEGIN[0m
  [1m[35m (76.4ms)[0m  [1m[35mCREATE TABLE "comment_garages" ("id" bigserial primary key, "user_id" bigint, "garage_id" bigint, "comment" character varying, "created_at" timestamp NOT NULL, "updated_at" timestamp NOT NULL)[0m
  [1m[35m (39.8ms)[0m  [1m[35mCREATE  INDEX  "index_comment_garages_on_user_id" ON "comment_garages"  ("user_id")[0m
  [1m[35m (40.2ms)[0m  [1m[35mCREATE  INDEX  "index_comment_garages_on_garage_id" ON "comment_garages"  ("garage_id")[0m
  [1m[35mSQL (1.0ms)[0m  [1m[32mINSERT INTO "schema_migrations" ("version") VALUES ($1) RETURNING "version"[0m  [["version", "20180311070251"]]
  [1m[35m (13.1ms)[0m  [1m[35mCOMMIT[0m
Migrating to CreateUserCars (20180311070438)
  [1m[35m (1.0ms)[0m  [1m[35mBEGIN[0m
  [1m[35m (45.3ms)[0m  [1m[35mCREATE TABLE "user_cars" ("id" bigserial primary key, "car_model_id" bigint, "user_id" bigint, "car_year" date, "created_at" timestamp NOT NULL, "updated_at" timestamp NOT NULL)[0m
  [1m[35m (38.8ms)[0m  [1m[35mCREATE  INDEX  "index_user_cars_on_car_model_id" ON "user_cars"  ("car_model_id")[0m
  [1m[35m (40.1ms)[0m  [1m[35mCREATE  INDEX  "index_user_cars_on_user_id" ON "user_cars"  ("user_id")[0m
  [1m[35mSQL (1.0ms)[0m  [1m[32mINSERT INTO "schema_migrations" ("version") VALUES ($1) RETURNING "version"[0m  [["version", "20180311070438"]]
  [1m[35m (10.9ms)[0m  [1m[35mCOMMIT[0m
Migrating to CreateOrders (20180311070654)
  [1m[35m (0.6ms)[0m  [1m[35mBEGIN[0m
  [1m[35m (91.6ms)[0m  [1m[35mCREATE TABLE "orders" ("id" bigserial primary key, "user_car_id" bigint, "garage_id" bigint, "break_sub_category_id" bigint, "description" character varying, "status" character varying, "created_at" timestamp NOT NULL, "updated_at" timestamp NOT NULL)[0m
  [1m[35m (39.8ms)[0m  [1m[35mCREATE  INDEX  "index_orders_on_user_car_id" ON "orders"  ("user_car_id")[0m
  [1m[35m (40.4ms)[0m  [1m[35mCREATE  INDEX  "index_orders_on_garage_id" ON "orders"  ("garage_id")[0m
  [1m[35m (39.5ms)[0m  [1m[35mCREATE  INDEX  "index_orders_on_break_sub_category_id" ON "orders"  ("break_sub_category_id")[0m
  [1m[35mSQL (0.9ms)[0m  [1m[32mINSERT INTO "schema_migrations" ("version") VALUES ($1) RETURNING "version"[0m  [["version", "20180311070654"]]
  [1m[35m (9.4ms)[0m  [1m[35mCOMMIT[0m
  [1m[36mActiveRecord::InternalMetadata Load (0.9ms)[0m  [1m[34mSELECT  "ar_internal_metadata".* FROM "ar_internal_metadata" WHERE "ar_internal_metadata"."key" = $1 LIMIT $2[0m  [["key", "environment"], ["LIMIT", 1]]
  [1m[35m (0.4ms)[0m  [1m[35mBEGIN[0m
  [1m[35mSQL (1.0ms)[0m  [1m[32mINSERT INTO "ar_internal_metadata" ("key", "value", "created_at", "updated_at") VALUES ($1, $2, $3, $4) RETURNING "key"[0m  [["key", "environment"], ["value", "development"], ["created_at", "2018-03-11 07:18:07.368084"], ["updated_at", "2018-03-11 07:18:07.368084"]]
  [1m[35m (2.8ms)[0m  [1m[35mCOMMIT[0m
  [1m[35m (0.3ms)[0m  [1m[34mSELECT pg_advisory_unlock(4523761724947694355)[0m
  [1m[35m (0.7ms)[0m  [1m[34mSELECT "schema_migrations"."version" FROM "schema_migrations" ORDER BY "schema_migrations"."version" ASC[0m
  [1m[35m (0.3ms)[0m  [1m[34mSELECT pg_try_advisory_lock(4523761724947694355)[0m
  [1m[35m (1.9ms)[0m  [1m[34mSELECT "schema_migrations"."version" FROM "schema_migrations" ORDER BY "schema_migrations"."version" ASC[0m
Migrating to CreateGarages (20180311072100)
  [1m[35m (0.5ms)[0m  [1m[35mBEGIN[0m
  [1m[35m (0.4ms)[0m  [1m[31mROLLBACK[0m
  [1m[35m (0.7ms)[0m  [1m[34mSELECT pg_advisory_unlock(4523761724947694355)[0m
  [1m[35m (0.5ms)[0m  [1m[34mSELECT pg_try_advisory_lock(4523761724947694355)[0m
  [1m[35m (1.4ms)[0m  [1m[34mSELECT "schema_migrations"."version" FROM "schema_migrations" ORDER BY "schema_migrations"."version" ASC[0m
Migrating to CreateGarages (20180311072100)
  [1m[35m (0.5ms)[0m  [1m[35mBEGIN[0m
  [1m[35m (0.4ms)[0m  [1m[31mROLLBACK[0m
  [1m[35m (0.7ms)[0m  [1m[34mSELECT pg_advisory_unlock(4523761724947694355)[0m
  [1m[35m (0.5ms)[0m  [1m[34mSELECT pg_try_advisory_lock(4523761724947694355)[0m
  [1m[35m (1.7ms)[0m  [1m[34mSELECT "schema_migrations"."version" FROM "schema_migrations" ORDER BY "schema_migrations"."version" ASC[0m
Migrating to CreateGarages (20180311072100)
  [1m[35m (0.6ms)[0m  [1m[35mBEGIN[0m
  [1m[35m (266.6ms)[0m  [1m[35mCREATE TABLE "garages" ("id" bigserial primary key, "user_id" bigint, "name" character varying, "description" text, "city" character varying, "address" character varying, "phone" character varying, "diler" boolean, "image_url" text, "garage_rating" character varying, "garage_types" character varying[] DEFAULT '{}', "string" character varying[] DEFAULT '{}', "work_shedule" character varying[] DEFAULT '{}', "created_at" timestamp NOT NULL, "updated_at" timestamp NOT NULL)[0m
  [1m[35m (46.0ms)[0m  [1m[35mCREATE  INDEX  "index_garages_on_user_id" ON "garages"  ("user_id")[0m
  [1m[35mSQL (1.0ms)[0m  [1m[32mINSERT INTO "schema_migrations" ("version") VALUES ($1) RETURNING "version"[0m  [["version", "20180311072100"]]
  [1m[35m (26.9ms)[0m  [1m[35mCOMMIT[0m
  [1m[36mActiveRecord::InternalMetadata Load (0.5ms)[0m  [1m[34mSELECT  "ar_internal_metadata".* FROM "ar_internal_metadata" WHERE "ar_internal_metadata"."key" = $1 LIMIT $2[0m  [["key", "environment"], ["LIMIT", 1]]
  [1m[35m (0.5ms)[0m  [1m[35mBEGIN[0m
  [1m[35m (0.5ms)[0m  [1m[35mCOMMIT[0m
  [1m[35m (0.7ms)[0m  [1m[34mSELECT pg_advisory_unlock(4523761724947694355)[0m
  [1m[35m (0.7ms)[0m  [1m[34mSELECT "schema_migrations"."version" FROM "schema_migrations" ORDER BY "schema_migrations"."version" ASC[0m
  [1m[35m (1.5ms)[0m  [1m[34mSELECT "schema_migrations"."version" FROM "schema_migrations" ORDER BY "schema_migrations"."version" ASC[0m
  [1m[35m (0.5ms)[0m  [1m[34mSELECT pg_try_advisory_lock(4523761724947694355)[0m
  [1m[35m (0.6ms)[0m  [1m[34mSELECT "schema_migrations"."version" FROM "schema_migrations" ORDER BY "schema_migrations"."version" ASC[0m
Migrating to CreateGarages (20180311072100)
  [1m[35m (0.4ms)[0m  [1m[35mBEGIN[0m
  [1m[35m (2.5ms)[0m  [1m[35mDROP TABLE "garages"[0m
  [1m[35mSQL (0.7ms)[0m  [1m[31mDELETE FROM "schema_migrations" WHERE "schema_migrations"."version" = $1[0m  [["version", "20180311072100"]]
  [1m[35m (15.2ms)[0m  [1m[35mCOMMIT[0m
  [1m[35m (0.4ms)[0m  [1m[34mSELECT pg_advisory_unlock(4523761724947694355)[0m
  [1m[35m (0.5ms)[0m  [1m[34mSELECT "schema_migrations"."version" FROM "schema_migrations" ORDER BY "schema_migrations"."version" ASC[0m
  [1m[35m (0.3ms)[0m  [1m[34mSELECT pg_try_advisory_lock(4523761724947694355)[0m
  [1m[35m (1.5ms)[0m  [1m[34mSELECT "schema_migrations"."version" FROM "schema_migrations" ORDER BY "schema_migrations"."version" ASC[0m
Migrating to CreateGarages (20180311072100)
  [1m[35m (0.3ms)[0m  [1m[35mBEGIN[0m
  [1m[35m (84.0ms)[0m  [1m[35mCREATE TABLE "garages" ("id" bigserial primary key, "user_id" bigint, "name" character varying, "description" text, "city" character varying, "address" character varying, "phone" character varying, "diler" boolean, "image_url" text, "garage_rating" character varying, "garage_types" character varying[] DEFAULT '{}', "work_shedule" character varying[] DEFAULT '{}', "created_at" timestamp NOT NULL, "updated_at" timestamp NOT NULL)[0m
  [1m[35m (42.1ms)[0m  [1m[35mCREATE  INDEX  "index_garages_on_user_id" ON "garages"  ("user_id")[0m
  [1m[35mSQL (0.9ms)[0m  [1m[32mINSERT INTO "schema_migrations" ("version") VALUES ($1) RETURNING "version"[0m  [["version", "20180311072100"]]
  [1m[35m (15.9ms)[0m  [1m[35mCOMMIT[0m
  [1m[36mActiveRecord::InternalMetadata Load (0.9ms)[0m  [1m[34mSELECT  "ar_internal_metadata".* FROM "ar_internal_metadata" WHERE "ar_internal_metadata"."key" = $1 LIMIT $2[0m  [["key", "environment"], ["LIMIT", 1]]
  [1m[35m (0.4ms)[0m  [1m[35mBEGIN[0m
  [1m[35m (0.4ms)[0m  [1m[35mCOMMIT[0m
  [1m[35m (0.6ms)[0m  [1m[34mSELECT pg_advisory_unlock(4523761724947694355)[0m
  [1m[35m (0.6ms)[0m  [1m[34mSELECT "schema_migrations"."version" FROM "schema_migrations" ORDER BY "schema_migrations"."version" ASC[0m
  [1m[35m (0.4ms)[0m  [1m[34mSELECT pg_try_advisory_lock(4523761724947694355)[0m
  [1m[35m (1.3ms)[0m  [1m[34mSELECT "schema_migrations"."version" FROM "schema_migrations" ORDER BY "schema_migrations"."version" ASC[0m
  [1m[36mActiveRecord::InternalMetadata Load (0.8ms)[0m  [1m[34mSELECT  "ar_internal_metadata".* FROM "ar_internal_metadata" WHERE "ar_internal_metadata"."key" = $1 LIMIT $2[0m  [["key", "environment"], ["LIMIT", 1]]
  [1m[35m (0.3ms)[0m  [1m[35mBEGIN[0m
  [1m[35m (0.3ms)[0m  [1m[35mCOMMIT[0m
  [1m[35m (0.5ms)[0m  [1m[34mSELECT pg_advisory_unlock(4523761724947694355)[0m
  [1m[35m (0.5ms)[0m  [1m[34mSELECT "schema_migrations"."version" FROM "schema_migrations" ORDER BY "schema_migrations"."version" ASC[0m
  [1m[35m (0.4ms)[0m  [1m[34mSELECT pg_try_advisory_lock(4523761724947694355)[0m
  [1m[35m (1.7ms)[0m  [1m[34mSELECT "schema_migrations"."version" FROM "schema_migrations" ORDER BY "schema_migrations"."version" ASC[0m
Migrating to UpdateOrderColunkInOrderTable (20180311073435)
  [1m[35m (0.5ms)[0m  [1m[35mBEGIN[0m
  [1m[35m (0.3ms)[0m  [1m[31mROLLBACK[0m
  [1m[35m (0.6ms)[0m  [1m[34mSELECT pg_advisory_unlock(4523761724947694355)[0m
  [1m[35m (0.5ms)[0m  [1m[34mSELECT pg_try_advisory_lock(4523761724947694355)[0m
  [1m[35m (1.4ms)[0m  [1m[34mSELECT "schema_migrations"."version" FROM "schema_migrations" ORDER BY "schema_migrations"."version" ASC[0m
Migrating to UpdateOrderColunkInOrderTable (20180311073435)
  [1m[35m (0.4ms)[0m  [1m[35mBEGIN[0m
  [1m[35m (0.3ms)[0m  [1m[31mROLLBACK[0m
  [1m[35m (0.6ms)[0m  [1m[34mSELECT pg_advisory_unlock(4523761724947694355)[0m
  [1m[35m (0.5ms)[0m  [1m[34mSELECT pg_try_advisory_lock(4523761724947694355)[0m
  [1m[35m (1.6ms)[0m  [1m[34mSELECT "schema_migrations"."version" FROM "schema_migrations" ORDER BY "schema_migrations"."version" ASC[0m
Migrating to UpdateOrderColunkInOrderTable (20180311073435)
  [1m[35m (0.4ms)[0m  [1m[35mBEGIN[0m
  [1m[35m (0.3ms)[0m  [1m[31mROLLBACK[0m
  [1m[35m (0.6ms)[0m  [1m[34mSELECT pg_advisory_unlock(4523761724947694355)[0m
  [1m[35m (0.4ms)[0m  [1m[34mSELECT pg_try_advisory_lock(4523761724947694355)[0m
  [1m[35m (1.4ms)[0m  [1m[34mSELECT "schema_migrations"."version" FROM "schema_migrations" ORDER BY "schema_migrations"."version" ASC[0m
Migrating to UpdateOrderColunkInOrderTable (20180311073435)
  [1m[35m (0.4ms)[0m  [1m[35mBEGIN[0m
  [1m[35m (214.6ms)[0m  [1m[35mALTER TABLE "orders" ADD "times" character varying[] DEFAULT '{}'[0m
  [1m[35mSQL (1.0ms)[0m  [1m[32mINSERT INTO "schema_migrations" ("version") VALUES ($1) RETURNING "version"[0m  [["version", "20180311073435"]]
  [1m[35m (24.8ms)[0m  [1m[35mCOMMIT[0m
  [1m[36mActiveRecord::InternalMetadata Load (0.5ms)[0m  [1m[34mSELECT  "ar_internal_metadata".* FROM "ar_internal_metadata" WHERE "ar_internal_metadata"."key" = $1 LIMIT $2[0m  [["key", "environment"], ["LIMIT", 1]]
  [1m[35m (0.4ms)[0m  [1m[35mBEGIN[0m
  [1m[35m (0.4ms)[0m  [1m[35mCOMMIT[0m
  [1m[35m (0.6ms)[0m  [1m[34mSELECT pg_advisory_unlock(4523761724947694355)[0m
  [1m[35m (0.7ms)[0m  [1m[34mSELECT "schema_migrations"."version" FROM "schema_migrations" ORDER BY "schema_migrations"."version" ASC[0m
